<?xml version="1.0" encoding="UTF-8"?>
<!-- Generated by org.testng.reporters.JUnitReportReporter -->
<testsuite hostname="DESKTOP-F2Q23RG" failures="0" tests="7" name="com.hyr.parameters.OrangeHRMTest" time="13.821" errors="0" timestamp="2023-07-15T17:20:06 IST" skipped="0">
  <testcase classname="com.hyr.parameters.OrangeHRMTest" name="LaunchApp" time="3.783"/>
  <system-out/>
  <testcase classname="com.hyr.parameters.OrangeHRMTest" name="NavigateToMyInfoTab" time="1.725"/>
  <system-out/>
  <testcase classname="com.hyr.parameters.OrangeHRMTest" name="LaunchApp" time="3.805"/>
  <system-out/>
  <testcase classname="com.hyr.parameters.OrangeHRMTest" name="EnterLoginDetails" time="1.788"/>
  <system-out/>
  <testcase classname="com.hyr.parameters.OrangeHRMTest" name="VeriFyLogin" time="0.408"/>
  <system-out/>
  <testcase classname="com.hyr.parameters.OrangeHRMTest" name="EnterLoginDetails" time="1.894"/>
  <system-out/>
  <testcase classname="com.hyr.parameters.OrangeHRMTest" name="VerifyMyInfo" time="0.418"/>
  <system-out/>
</testsuite> <!-- com.hyr.parameters.OrangeHRMTest -->
