<?xml version="1.0" encoding="UTF-8"?>
<!-- Generated by org.testng.reporters.JUnitReportReporter -->
<testsuite hostname="DESKTOP-F2Q23RG" failures="0" tests="3" name="com.hyr.groups.NewTest1" time="0.022" errors="0" timestamp="2023-07-16T22:49:26 IST" skipped="0">
  <testcase classname="com.hyr.groups.NewTest1" name="Test1" time="0.020"/>
  <system-out/>
  <testcase classname="com.hyr.groups.NewTest1" name="Test2" time="0.001"/>
  <system-out/>
  <testcase classname="com.hyr.groups.NewTest1" name="Test3" time="0.001"/>
  <system-out/>
</testsuite> <!-- com.hyr.groups.NewTest1 -->
