<?xml version="1.0" encoding="UTF-8"?>
<!-- Generated by org.testng.reporters.JUnitReportReporter -->
<testsuite hostname="DESKTOP-F2Q23RG" failures="0" tests="4" name="com.hyr.groups.NewTest2" time="0.007" errors="0" timestamp="2023-07-16T22:49:26 IST" skipped="0">
  <testcase classname="com.hyr.groups.NewTest2" name="Test5" time="0.001"/>
  <system-out/>
  <testcase classname="com.hyr.groups.NewTest2" name="Test6" time="0.002"/>
  <system-out/>
  <testcase classname="com.hyr.groups.NewTest2" name="Test4" time="0.002"/>
  <system-out/>
  <testcase classname="com.hyr.groups.NewTest2" name="Test7" time="0.002"/>
  <system-out/>
</testsuite> <!-- com.hyr.groups.NewTest2 -->
