<?xml version="1.0" encoding="UTF-8"?>
<!-- Generated by org.testng.reporters.JUnitReportReporter -->
<testsuite hostname="DESKTOP-F2Q23RG" failures="0" tests="2" name="com.hyr.Tests.FirstTest" time="27.219" errors="0" timestamp="2023-09-07T17:08:07 IST" skipped="0">
  <testcase classname="com.hyr.Tests.FirstTest" name="TestGoogle" time="9.517"/>
  <system-out/>
  <testcase classname="com.hyr.Tests.FirstTest" name="TestFacebook" time="17.702"/>
  <system-out/>
</testsuite> <!-- com.hyr.Tests.FirstTest -->
