<?xml version="1.0" encoding="UTF-8"?>
<!-- Generated by org.testng.reporters.JUnitReportReporter -->
<testsuite hostname="DESKTOP-F2Q23RG" failures="0" tests="1" name="com.hyr.dataprovider.Ninja" time="18.935" errors="0" timestamp="2023-07-17T13:18:57 IST" skipped="0">
  <testcase classname="com.hyr.dataprovider.Ninja" name="TestNinja" time="18.935"/>
  <system-out/>
</testsuite> <!-- com.hyr.dataprovider.Ninja -->
