<?xml version="1.0" encoding="UTF-8"?>
<!-- Generated by org.testng.reporters.JUnitReportReporter -->
<testsuite hostname="DESKTOP-F2Q23RG" failures="0" tests="7" name="com.hyr.Tests.OrangeHRMTest" time="27.791" errors="0" timestamp="2023-07-14T21:50:37 IST" skipped="0">
  <testcase classname="com.hyr.Tests.OrangeHRMTest" name="LaunchApp" time="9.522"/>
  <system-out/>
  <testcase classname="com.hyr.Tests.OrangeHRMTest" name="LaunchApp" time="9.785"/>
  <system-out/>
  <testcase classname="com.hyr.Tests.OrangeHRMTest" name="EnterLoginDetails" time="2.403"/>
  <system-out/>
  <testcase classname="com.hyr.Tests.OrangeHRMTest" name="EnterLoginDetails" time="1.603"/>
  <system-out/>
  <testcase classname="com.hyr.Tests.OrangeHRMTest" name="NavigateToMyInfoTab" time="2.161"/>
  <system-out/>
  <testcase classname="com.hyr.Tests.OrangeHRMTest" name="VerifyMyInfo" time="0.643"/>
  <system-out/>
  <testcase classname="com.hyr.Tests.OrangeHRMTest" name="VeriFyLogin" time="1.674"/>
  <system-out/>
</testsuite> <!-- com.hyr.Tests.OrangeHRMTest -->
