<?xml version="1.0" encoding="UTF-8"?>
<!-- Generated by org.testng.reporters.JUnitReportReporter -->
<testsuite hostname="DESKTOP-F2Q23RG" failures="0" tests="4" name="com.hyr.testdependency.TestGroupDependency" time="0.005" errors="0" timestamp="2023-07-16T22:49:26 IST" skipped="0">
  <testcase classname="com.hyr.testdependency.TestGroupDependency" name="Test3" time="0.001"/>
  <system-out/>
  <testcase classname="com.hyr.testdependency.TestGroupDependency" name="Test2" time="0.001"/>
  <system-out/>
  <testcase classname="com.hyr.testdependency.TestGroupDependency" name="Test1" time="0.001"/>
  <system-out/>
  <testcase classname="com.hyr.testdependency.TestGroupDependency" name="Test0" time="0.002"/>
  <system-out/>
</testsuite> <!-- com.hyr.testdependency.TestGroupDependency -->
